0 info it worked if it ends with ok
1 verbose cli [ 'C:\\Program Files\\nodejs\\node.exe',
1 verbose cli   'C:\\Program Files\\nodejs\\node_modules\\npm\\bin\\npm-cli.js',
1 verbose cli   'start' ]
2 info using npm@3.10.10
3 info using node@v6.11.5
4 verbose run-script [ 'prestart', 'start', 'poststart' ]
5 info lifecycle planet_gen@1.0.0~prestart: planet_gen@1.0.0
6 silly lifecycle planet_gen@1.0.0~prestart: no script for prestart, continuing
7 info lifecycle planet_gen@1.0.0~start: planet_gen@1.0.0
8 verbose lifecycle planet_gen@1.0.0~start: unsafe-perm in lifecycle true
9 verbose lifecycle planet_gen@1.0.0~start: PATH: C:\Program Files\nodejs\node_modules\npm\bin\node-gyp-bin;C:\Users\Charles Heller\Desktop\Projects\planet_gen\node_modules\.bin;C:\Program Files\Docker\Docker\Resources\bin;C:\Program Files (x86)\Common Files\Intel\Shared Libraries\redist\intel64\compiler;c:\programdata\oracle\java\javapath;c:\windows\system32;c:\windows;c:\windows\system32\wbem;c:\windows\system32\windowspowershell\v1.0\;c:\program files (x86)\skype\phone\;c:\users\charles heller\.dnx\bin;c:\program files\microsoft dnx\dnvm\;c:\program files (x86)\windows kits\8.1\windows performance toolkit\;c:\program files\openssh\bin;c:\program files\git\cmd;c:\program files (x86)\gtksharp\2.12\bin;c:\program files (x86)\gtk2\bin;c:\program files (x86)\mlt\bin;c:\program files\java\jdk1.8.0_101\bin;c:\program files (x86)\putty\;C:\Program Files (x86)\NVIDIA Corporation\PhysX\Common;C:\Users\Charles Heller\IdeaProjects\Selenium\Drivers\chromedriver.exe;C:\Users\Charles Heller\IdeaProjects\Selenium\Drivers\geckodriver.exe;C:\Program Files\nodejs\;C:\WINDOWS\system32;C:\WINDOWS;C:\WINDOWS\System32\Wbem;C:\WINDOWS\System32\WindowsPowerShell\v1.0\;C:\Program Files (x86)\Yarn\bin\;C:\Users\Charles Heller\AppData\Local\Programs\Python\Python36-32\Scripts\;C:\Users\Charles Heller\AppData\Local\Programs\Python\Python36-32\;C:\Users\Charles Heller\AppData\Local\Microsoft\WindowsApps;C:\Users\Charles Heller\AppData\Local\atom\bin;C:\Users\Charles Heller\AppData\Local\Microsoft\WindowsApps;C:\Program Files\Microsoft VS Code\bin;C:\Users\Charles Heller\AppData\Roaming\npm;C:\Program Files (x86)\Yarn\bin;C:\Users\Charles Heller\AppData\Local\Yarn\bin
10 verbose lifecycle planet_gen@1.0.0~start: CWD: C:\Users\Charles Heller\Desktop\Projects\planet_gen
11 silly lifecycle planet_gen@1.0.0~start: Args: [ '/d /s /c', 'node bin/Start.js' ]
12 silly lifecycle planet_gen@1.0.0~start: Returned: code: 1  signal: null
13 info lifecycle planet_gen@1.0.0~start: Failed to exec start script
14 verbose stack Error: planet_gen@1.0.0 start: `node bin/Start.js`
14 verbose stack Exit status 1
14 verbose stack     at EventEmitter.<anonymous> (C:\Program Files\nodejs\node_modules\npm\lib\utils\lifecycle.js:255:16)
14 verbose stack     at emitTwo (events.js:106:13)
14 verbose stack     at EventEmitter.emit (events.js:191:7)
14 verbose stack     at ChildProcess.<anonymous> (C:\Program Files\nodejs\node_modules\npm\lib\utils\spawn.js:40:14)
14 verbose stack     at emitTwo (events.js:106:13)
14 verbose stack     at ChildProcess.emit (events.js:191:7)
14 verbose stack     at maybeClose (internal/child_process.js:920:16)
14 verbose stack     at Process.ChildProcess._handle.onexit (internal/child_process.js:230:5)
15 verbose pkgid planet_gen@1.0.0
16 verbose cwd C:\Users\Charles Heller\Desktop\Projects\planet_gen
17 error Windows_NT 10.0.16299
18 error argv "C:\\Program Files\\nodejs\\node.exe" "C:\\Program Files\\nodejs\\node_modules\\npm\\bin\\npm-cli.js" "start"
19 error node v6.11.5
20 error npm  v3.10.10
21 error code ELIFECYCLE
22 error planet_gen@1.0.0 start: `node bin/Start.js`
22 error Exit status 1
23 error Failed at the planet_gen@1.0.0 start script 'node bin/Start.js'.
23 error Make sure you have the latest version of node.js and npm installed.
23 error If you do, this is most likely a problem with the planet_gen package,
23 error not with npm itself.
23 error Tell the author that this fails on your system:
23 error     node bin/Start.js
23 error You can get information on how to open an issue for this project with:
23 error     npm bugs planet_gen
23 error Or if that isn't available, you can get their info via:
23 error     npm owner ls planet_gen
23 error There is likely additional logging output above.
24 verbose exit [ 1, true ]
